D:\Y\RPN\RPN\DEBUG\RPN.EXE
D:\Y\RPN\RPN\DEBUG\RPN.ILK
D:\Y\RPN\RPN\DEBUG\RPN.PDB
D:\y\rpn\rpn\rpn\Debug\cl.command.1.tlog
D:\y\rpn\rpn\rpn\Debug\CL.read.1.tlog
D:\y\rpn\rpn\rpn\Debug\CL.write.1.tlog
D:\y\rpn\rpn\rpn\Debug\link.command.1.tlog
D:\y\rpn\rpn\rpn\Debug\link.read.1.tlog
D:\y\rpn\rpn\rpn\Debug\link.write.1.tlog
D:\y\rpn\rpn\rpn\Debug\link-cvtres.read.1.tlog
D:\y\rpn\rpn\rpn\Debug\link-cvtres.write.1.tlog
D:\y\rpn\rpn\rpn\Debug\mt.command.1.tlog
D:\y\rpn\rpn\rpn\Debug\mt.read.1.tlog
D:\y\rpn\rpn\rpn\Debug\mt.write.1.tlog
D:\y\rpn\rpn\rpn\Debug\rc.command.1.tlog
D:\y\rpn\rpn\rpn\Debug\rc.read.1.tlog
D:\y\rpn\rpn\rpn\Debug\rc.write.1.tlog
D:\Y\RPN\RPN\RPN\DEBUG\RPN.EXE.EMBED.MANIFEST
D:\Y\RPN\RPN\RPN\DEBUG\RPN.EXE.EMBED.MANIFEST.RES
D:\Y\RPN\RPN\RPN\DEBUG\RPN.EXE.INTERMEDIATE.MANIFEST
D:\Y\RPN\RPN\RPN\DEBUG\RPN.OBJ
D:\Y\RPN\RPN\RPN\DEBUG\RPN.PCH
D:\y\rpn\rpn\rpn\Debug\rpn.write.1.tlog
D:\y\rpn\rpn\rpn\Debug\rpn_manifest.rc
D:\Y\RPN\RPN\RPN\DEBUG\STDAFX.OBJ
D:\y\rpn\rpn\rpn\Debug\vc100.idb
D:\Y\RPN\RPN\RPN\DEBUG\VC100.PDB
