生成启动时间为 2017/6/16 11:56:42。
     1>项目“D:\y\rpn\rpn\rpn\rpn.vcxproj”在节点 2 上(rebuild 个目标)。
     1>_PrepareForClean:
         正在删除文件“Debug\rpn.lastbuildstate”。
       InitializeBuildStatus:
         正在创建“Debug\rpn.unsuccessfulbuild”，因为已指定“AlwaysCreate”。
       ClCompile:
         D:\Program Files\Microsoft Visual Studio 10.0\VC\bin\CL.exe /c /ZI /nologo /W3 /WX- /Od /Oy- /D WIN32 /D _DEBUG /D _CONSOLE /D _UNICODE /D UNICODE /Gm /EHsc /RTC1 /MDd /GS /fp:precise /Zc:wchar_t /Zc:forScope /Yc"StdAfx.h" /Fp"Debug\rpn.pch" /Fo"Debug\\" /Fd"Debug\vc100.pdb" /Gd /TP /analyze- /errorReport:prompt stdafx.cpp
         stdafx.cpp
         D:\Program Files\Microsoft Visual Studio 10.0\VC\bin\CL.exe /c /ZI /nologo /W3 /WX- /Od /Oy- /D WIN32 /D _DEBUG /D _CONSOLE /D _UNICODE /D UNICODE /Gm /EHsc /RTC1 /MDd /GS /fp:precise /Zc:wchar_t /Zc:forScope /Yu"StdAfx.h" /Fp"Debug\rpn.pch" /Fo"Debug\\" /Fd"Debug\vc100.pdb" /Gd /TP /analyze- /errorReport:prompt ..\..\rpn.cpp
         rpn.cpp
     1>d:\y\rpn\rpn.cpp(122): warning C4101: “sum”: 未引用的局部变量
     1>d:\y\rpn\rpn.cpp(120): warning C4101: “str”: 未引用的局部变量
     1>d:\y\rpn\rpn.cpp(281): warning C4996: 'scanf': This function or variable may be unsafe. Consider using scanf_s instead. To disable deprecation, use _CRT_SECURE_NO_WARNINGS. See online help for details.
                 d:\program files\microsoft visual studio 10.0\vc\include\stdio.h(304) : 参见“scanf”的声明
       ManifestResourceCompile:
         C:\Program Files\Microsoft SDKs\Windows\v7.0A\bin\rc.exe /nologo /fo"Debug\rpn.exe.embed.manifest.res" Debug\rpn_manifest.rc 
       Link:
         D:\Program Files\Microsoft Visual Studio 10.0\VC\bin\link.exe /ERRORREPORT:PROMPT /OUT:"D:\y\rpn\rpn\Debug\rpn.exe" /INCREMENTAL /NOLOGO kernel32.lib user32.lib gdi32.lib winspool.lib comdlg32.lib advapi32.lib shell32.lib ole32.lib oleaut32.lib uuid.lib odbc32.lib odbccp32.lib /MANIFEST /ManifestFile:"Debug\rpn.exe.intermediate.manifest" /MANIFESTUAC:"level='asInvoker' uiAccess='false'" /DEBUG /PDB:"D:\y\rpn\rpn\Debug\rpn.pdb" /SUBSYSTEM:CONSOLE /TLBID:1 /DYNAMICBASE /NXCOMPAT /IMPLIB:"D:\y\rpn\rpn\Debug\rpn.lib" /MACHINE:X86 Debug\rpn.exe.embed.manifest.res
         Debug\rpn.obj
         Debug\stdafx.obj
       Manifest:
         正在删除文件“Debug\rpn.exe.embed.manifest”。
         C:\Program Files\Microsoft SDKs\Windows\v7.0A\bin\mt.exe /nologo /verbose /out:"Debug\rpn.exe.embed.manifest" /manifest Debug\rpn.exe.intermediate.manifest
         C:\Program Files\Microsoft SDKs\Windows\v7.0A\bin\rc.exe /nologo /fo"Debug\rpn.exe.embed.manifest.res" Debug\rpn_manifest.rc 
       LinkEmbedManifest:
         D:\Program Files\Microsoft Visual Studio 10.0\VC\bin\link.exe /ERRORREPORT:PROMPT /OUT:"D:\y\rpn\rpn\Debug\rpn.exe" /INCREMENTAL /NOLOGO kernel32.lib user32.lib gdi32.lib winspool.lib comdlg32.lib advapi32.lib shell32.lib ole32.lib oleaut32.lib uuid.lib odbc32.lib odbccp32.lib /MANIFEST /ManifestFile:"Debug\rpn.exe.intermediate.manifest" /MANIFESTUAC:"level='asInvoker' uiAccess='false'" /DEBUG /PDB:"D:\y\rpn\rpn\Debug\rpn.pdb" /SUBSYSTEM:CONSOLE /TLBID:1 /DYNAMICBASE /NXCOMPAT /IMPLIB:"D:\y\rpn\rpn\Debug\rpn.lib" /MACHINE:X86 Debug\rpn.exe.embed.manifest.res
         Debug\rpn.obj
         Debug\stdafx.obj
         rpn.vcxproj -> D:\y\rpn\rpn\Debug\rpn.exe
       FinalizeBuildStatus:
         正在删除文件“Debug\rpn.unsuccessfulbuild”。
         正在对“Debug\rpn.lastbuildstate”执行 Touch 任务。
     1>已完成生成项目“D:\y\rpn\rpn\rpn\rpn.vcxproj”(rebuild 个目标)的操作。

生成成功。

已用时间 00:00:01.63
